INFO    2017-04-24 15:15:39,832 [main] com.roy.apiHandler.RESTClient  - Received URL : http://www.omdbapi.com/?t=Harry+Potter&r=json
INFO    2017-04-24 15:15:40,764 [main] com.roy.apiHandler.RESTClient  - JSON Ready : {"Title":"Harry Potter and the Deathly Hallows: Part 2","Year":"2011","Rated":"PG-13","Released":"15 Jul 2011","Runtime":"130 min","Genre":"Adventure, Drama, Fantasy","Director":"David Yates","Writer":"Steve Kloves (screenplay), J.K. Rowling (novel)","Actors":"Ralph Fiennes, Michael Gambon, Alan Rickman, Daniel Radcliffe","Plot":"Harry, Ron and Hermione search for Voldemort's remaining Horcruxes in their effort to destroy the Dark Lord as the final battle rages on at Hogwarts.","Language":"English","Country":"USA, UK","Awards":"Nominated for 3 Oscars. Another 45 wins & 90 nominations.","Poster":"https://images-na.ssl-images-amazon.com/images/M/MV5BMTY2MTk3MDQ1N15BMl5BanBnXkFtZTcwMzI4NzA2NQ@@._V1_SX300.jpg","Ratings":[{"Source":"Internet Movie Database","Value":"8.1/10"},{"Source":"Rotten Tomatoes","Value":"96%"},{"Source":"Metacritic","Value":"87/100"}],"Metascore":"87","imdbRating":"8.1","imdbVotes":"585,554","imdbID":"tt1201607","Type":"movie","DVD":"11 Nov 2011","BoxOffice":"$381,000,185.00","Production":"Warner Bros. Pictures","Website":"http://www.HarryPotter.com/","Response":"True"}
INFO    2017-04-24 15:15:40,771 [main] com.roy.apiHandler.APIHandler  - Title : Harry Potter and the Deathly Hallows: Part 2
INFO    2017-04-24 15:15:40,771 [main] com.roy.apiHandler.APIHandler  - Year : 2011
INFO    2017-04-24 15:15:40,771 [main] com.roy.apiHandler.APIHandler  - Plot : Harry, Ron and Hermione search for Voldemort's remaining Horcruxes in their effort to destroy the Dark Lord as the final battle rages on at Hogwarts.
INFO    2017-04-24 15:15:40,771 [main] com.roy.apiHandler.APIHandler  - Language : English
INFO    2017-04-24 15:15:40,771 [main] com.roy.apiHandler.APIHandler  - Ratings : 8.1/10
INFO    2017-04-24 16:22:51,313 [main] com.roy.fileSystemHandler.FileSystemHandler  - Path : .
INFO    2017-04-24 16:22:51,315 [main] com.roy.fileSystemHandler.FileSystemHandler  - Folder created at ./Test  Folder
INFO    2017-04-24 16:23:12,286 [main] com.roy.fileSystemHandler.FileSystemHandler  - Path : .
ERROR   2017-04-24 16:23:12,288 [main] com.roy.fileSystemHandler.FileSystemHandler  - Failed to create folder at ./Test  Folder
INFO    2017-04-24 16:24:44,041 [main] com.roy.fileSystemHandler.FileSystemHandler  - Path : .
INFO    2017-04-24 16:24:44,043 [main] com.roy.fileSystemHandler.FileSystemHandler  - Folder exists at ./Test  Folder
INFO    2017-04-24 16:24:55,959 [main] com.roy.fileSystemHandler.FileSystemHandler  - Path : .
INFO    2017-04-24 16:24:55,961 [main] com.roy.fileSystemHandler.FileSystemHandler  - Folder created at ./Test  Folder
INFO    2017-04-24 16:24:57,919 [main] com.roy.fileSystemHandler.FileSystemHandler  - Path : .
INFO    2017-04-24 16:24:57,921 [main] com.roy.fileSystemHandler.FileSystemHandler  - Folder exists at ./Test  Folder
INFO    2017-04-24 16:30:25,455 [main] com.roy.fileSystemHandler.FileSystemHandler  - Path : .
INFO    2017-04-24 16:30:25,457 [main] com.roy.fileSystemHandler.FileSystemHandler  - Folder created at ./TestFolder.txt
INFO    2017-04-24 16:30:40,135 [main] com.roy.fileSystemHandler.FileSystemHandler  - Path : .
ERROR   2017-04-24 16:30:40,137 [main] com.roy.fileSystemHandler.FileSystemHandler  - Failed to create file at ./TestFolder.txt
INFO    2017-04-24 16:31:04,712 [main] com.roy.fileSystemHandler.FileSystemHandler  - Path : .
INFO    2017-04-24 16:31:04,714 [main] com.roy.fileSystemHandler.FileSystemHandler  - File created at ./TestFolder.txt
INFO    2017-04-24 16:31:13,436 [main] com.roy.fileSystemHandler.FileSystemHandler  - Path : .
INFO    2017-04-24 16:31:13,438 [main] com.roy.fileSystemHandler.FileSystemHandler  - File exists at ./TestFolder.txt
INFO    2017-04-24 16:31:37,704 [main] com.roy.fileSystemHandler.FileSystemHandler  - Path : .
INFO    2017-04-24 16:31:37,706 [main] com.roy.fileSystemHandler.FileSystemHandler  - File created at ./TestFoler
INFO    2017-04-24 16:31:37,706 [main] com.roy.fileSystemHandler.FileSystemHandler  - File exists at ./TestFolder.txt
INFO    2017-04-24 16:32:48,820 [main] com.roy.fileSystemHandler.FileSystemHandler  - Path : .
INFO    2017-04-24 16:32:48,822 [main] com.roy.fileSystemHandler.FileSystemHandler  - File created at ./TestFoler
INFO    2017-04-24 16:32:48,823 [main] com.roy.fileSystemHandler.FileSystemHandler  - File created at ./TestFolder.txt
INFO    2017-04-24 16:33:20,336 [main] com.roy.fileSystemHandler.FileSystemHandler  - Path : .
INFO    2017-04-24 16:33:20,338 [main] com.roy.fileSystemHandler.FileSystemHandler  - Folder created at ./TestFolder
INFO    2017-04-24 16:33:20,338 [main] com.roy.fileSystemHandler.FileSystemHandler  - File exists at ./TestFolder.txt
INFO    2017-04-24 16:33:46,338 [main] com.roy.fileSystemHandler.FileSystemHandler  - Path : .
INFO    2017-04-24 16:33:46,340 [main] com.roy.fileSystemHandler.FileSystemHandler  - Folder created at ./TestFolder.txt
ERROR   2017-04-24 16:33:46,341 [main] com.roy.fileSystemHandler.FileSystemHandler  - Failed to create file at ./TestFolder.txt
INFO    2017-04-24 16:35:16,153 [main] com.roy.fileSystemHandler.FileSystemHandler  - Path : .
INFO    2017-04-24 16:35:16,155 [main] com.roy.fileSystemHandler.FileSystemHandler  - Folder exists at ./TestFolder.txt
INFO    2017-04-24 16:35:16,155 [main] com.roy.fileSystemHandler.FileSystemHandler  - File exists at ./TestFolder.txt
INFO    2017-04-24 16:35:27,196 [main] com.roy.fileSystemHandler.FileSystemHandler  - Path : .
INFO    2017-04-24 16:35:27,198 [main] com.roy.fileSystemHandler.FileSystemHandler  - Folder created at ./TestFolder.txt
INFO    2017-04-24 16:35:27,198 [main] com.roy.fileSystemHandler.FileSystemHandler  - File exists at ./TestFolder.txt
INFO    2017-04-24 16:35:51,259 [main] com.roy.fileSystemHandler.FileSystemHandler  - Path : .
INFO    2017-04-24 16:35:51,261 [main] com.roy.fileSystemHandler.FileSystemHandler  - Folder created at ./TestFolder.txt
ERROR   2017-04-24 16:35:51,262 [main] com.roy.fileSystemHandler.FileSystemHandler  - Failed to create file at ./TestFolder.txt
INFO    2017-04-24 17:06:43,892 [main] com.roy.fileSystemHandler.FileSystemHandler  - Path : .
INFO    2017-04-24 17:06:43,894 [main] com.roy.fileSystemHandler.FileSystemHandler  - Folder created at ./TestFolder.txt
INFO    2017-04-24 17:06:43,894 [main] com.roy.fileSystemHandler.FileSystemHandler  - File exists at ./TestFolder.txt
INFO    2017-04-24 17:06:43,895 [main] com.roy.fileSystemHandler.FileSystemHandler  - File renamed from TestFolder.txt to Test.txt
INFO    2017-04-24 17:07:14,378 [main] com.roy.fileSystemHandler.FileSystemHandler  - Path : .
INFO    2017-04-24 17:07:14,380 [main] com.roy.fileSystemHandler.FileSystemHandler  - Folder created at ./TestFolder.txt
INFO    2017-04-24 17:07:14,381 [main] com.roy.fileSystemHandler.FileSystemHandler  - File renamed from TestFolder.txt to Test.txt
INFO    2017-04-24 17:07:32,140 [main] com.roy.fileSystemHandler.FileSystemHandler  - Path : .
INFO    2017-04-24 17:07:32,141 [main] com.roy.fileSystemHandler.FileSystemHandler  - Folder created at ./TestFolder
INFO    2017-04-24 17:07:32,142 [main] com.roy.fileSystemHandler.FileSystemHandler  - File renamed from TestFolder to Test
INFO    2017-04-24 17:07:48,462 [main] com.roy.fileSystemHandler.FileSystemHandler  - Path : .
INFO    2017-04-24 17:07:48,464 [main] com.roy.fileSystemHandler.FileSystemHandler  - Folder created at ./TestFolder
ERROR   2017-04-24 17:07:48,465 [main] com.roy.fileSystemHandler.FileSystemHandler  - Cannot rename file.
INFO    2017-04-24 17:08:45,888 [main] com.roy.fileSystemHandler.FileSystemHandler  - Path : .
INFO    2017-04-24 17:08:45,890 [main] com.roy.fileSystemHandler.FileSystemHandler  - File created at ./TestFolder.txt
ERROR   2017-04-24 17:08:45,890 [main] com.roy.fileSystemHandler.FileSystemHandler  - Cannot rename file.
INFO    2017-04-24 17:09:10,436 [main] com.roy.fileSystemHandler.FileSystemHandler  - Path : .
INFO    2017-04-24 17:09:10,438 [main] com.roy.fileSystemHandler.FileSystemHandler  - File created at ./TestFolder.txt
INFO    2017-04-24 17:09:10,439 [main] com.roy.fileSystemHandler.FileSystemHandler  - File renamed from TestFolder.txt to Test.txt
INFO    2017-04-24 17:17:45,683 [main] com.roy.fileSystemHandler.FileSystemHandler  - Path : .
INFO    2017-04-24 17:17:45,685 [main] com.roy.fileSystemHandler.FileSystemHandler  - File created at ./TestFolder.txt
ERROR   2017-04-24 17:17:45,685 [main] com.roy.fileSystemHandler.FileSystemHandler  - Cannot rename folder. Folder doesn't exists
INFO    2017-04-24 17:17:56,134 [main] com.roy.fileSystemHandler.FileSystemHandler  - Path : .
INFO    2017-04-24 17:17:56,136 [main] com.roy.fileSystemHandler.FileSystemHandler  - File exists at ./TestFolder.txt
INFO    2017-04-24 17:17:56,137 [main] com.roy.fileSystemHandler.FileSystemHandler  - File renamed from TestFolder.txt to Test.txt
INFO    2017-04-24 17:29:42,755 [main] com.roy.fileSystemHandler.FileSystemHandler  - Path : .
INFO    2017-04-24 17:29:42,757 [main] com.roy.fileSystemHandler.FileSystemHandler  - Folder created at ./TestFolder
INFO    2017-04-24 17:29:42,758 [main] com.roy.fileSystemHandler.FileSystemHandler  - Folder deleted.
INFO    2017-04-24 17:29:54,334 [main] com.roy.fileSystemHandler.FileSystemHandler  - Path : .
INFO    2017-04-24 17:29:54,336 [main] com.roy.fileSystemHandler.FileSystemHandler  - Folder created at ./TestFolder
INFO    2017-04-24 17:30:04,673 [main] com.roy.fileSystemHandler.FileSystemHandler  - Path : .
INFO    2017-04-24 17:30:04,675 [main] com.roy.fileSystemHandler.FileSystemHandler  - Folder deleted.
INFO    2017-04-24 17:32:03,639 [main] com.roy.fileSystemHandler.FileSystemHandler  - Path : .
INFO    2017-04-24 17:32:03,642 [main] com.roy.fileSystemHandler.FileSystemHandler  - File created at ./TestFolder.txt
INFO    2017-04-24 17:32:29,709 [main] com.roy.fileSystemHandler.FileSystemHandler  - Path : .
INFO    2017-04-24 17:32:29,712 [main] com.roy.fileSystemHandler.FileSystemHandler  - File deleted.
INFO    2017-04-24 17:53:31,947 [main] com.roy.fileSystemHandler.FileSystemHandler  - Path : .
INFO    2017-04-24 17:57:21,243 [main] com.roy.fileSystemHandler.FileSystemHandler  - Path : .
INFO    2017-04-24 17:57:32,082 [main] com.roy.fileSystemHandler.FileSystemHandler  - Path : .
INFO    2017-04-24 17:58:24,214 [main] com.roy.fileSystemHandler.FileSystemHandler  - Path : .
INFO    2017-04-24 17:58:39,223 [main] com.roy.fileSystemHandler.FileSystemHandler  - Path : .
INFO    2017-04-24 17:58:48,556 [main] com.roy.fileSystemHandler.FileSystemHandler  - Path : .
INFO    2017-04-24 17:58:56,905 [main] com.roy.fileSystemHandler.FileSystemHandler  - Path : .
INFO    2017-04-24 21:19:05,923 [main] com.roy.fileSystemHandler.FileSystemHandler  - Path : .
INFO    2017-04-24 21:55:58,954 [main] com.roy.fileSystemHandler.FileSystemHandler  - Path : C:\MovieRatingTester
INFO    2017-04-24 21:55:58,954 [main] com.roy.complications.AddRating  - Working on directory : C:\MovieRatingTester
INFO    2017-04-24 21:57:57,597 [main] com.roy.fileSystemHandler.FileSystemHandler  - Path : C:\MovieRatingTester
INFO    2017-04-24 21:57:57,615 [main] com.roy.complications.AddRating  - Working on directory : C:\MovieRatingTester\
INFO    2017-04-24 21:58:58,065 [main] com.roy.fileSystemHandler.FileSystemHandler  - Path : .\MovieRatingTester
INFO    2017-04-24 21:58:58,065 [main] com.roy.complications.AddRating  - Working on directory : ./MovieRatingTester
INFO    2017-04-24 22:00:04,222 [main] com.roy.fileSystemHandler.FileSystemHandler  - Path : .\MovieRatingTester
INFO    2017-04-24 22:00:04,222 [main] com.roy.complications.AddRating  - Working on directory : .\MovieRatingTester
INFO    2017-04-24 22:01:00,149 [main] com.roy.fileSystemHandler.FileSystemHandler  - Path : .\MovieRatingTester
INFO    2017-04-24 22:01:00,149 [main] com.roy.complications.AddRating  - Working on directory : .\MovieRatingTester
INFO    2017-04-24 22:03:07,410 [main] com.roy.fileSystemHandler.FileSystemHandler  - Path : .\MovieRatingTester
INFO    2017-04-24 22:03:13,264 [main] com.roy.complications.AddRating  - Working on directory : .\MovieRatingTester
INFO    2017-04-24 22:03:48,048 [main] com.roy.fileSystemHandler.FileSystemHandler  - Path : .\MovieRatingTester
INFO    2017-04-24 22:03:48,048 [main] com.roy.complications.AddRating  - Working on directory : .\MovieRatingTester
INFO    2017-04-24 22:03:48,126 [main] com.roy.complications.AddRating  - Movie name : .\MovieRatingTester\Batman HD
INFO    2017-04-24 22:03:48,179 [main] com.roy.apiHandler.RESTClient  - Received URL : http://www.omdbapi.com/?t=.%5CMovieRatingTester%5CBatman+HD&r=json
INFO    2017-04-24 22:03:51,151 [main] com.roy.apiHandler.RESTClient  - JSON Ready : {"Response":"False","Error":"Movie not found!"}
INFO    2017-04-24 22:04:59,575 [main] com.roy.fileSystemHandler.FileSystemHandler  - Path : .\MovieRatingTester
INFO    2017-04-24 22:04:59,575 [main] com.roy.complications.AddRating  - Working on directory : .\MovieRatingTester
INFO    2017-04-24 22:06:44,823 [main] com.roy.fileSystemHandler.FileSystemHandler  - Path : .\MovieRatingTester
INFO    2017-04-24 22:06:44,839 [main] com.roy.complications.AddRating  - Working on directory : .\MovieRatingTester
INFO    2017-04-24 22:06:44,901 [main] com.roy.complications.AddRating  - Movie name : \Batman HD
INFO    2017-04-24 22:06:44,924 [main] com.roy.apiHandler.RESTClient  - Received URL : http://www.omdbapi.com/?t=%5CBatman+HD&r=json
INFO    2017-04-24 22:06:46,814 [main] com.roy.apiHandler.RESTClient  - JSON Ready : {"Response":"False","Error":"Movie not found!"}
INFO    2017-04-24 22:07:10,251 [main] com.roy.fileSystemHandler.FileSystemHandler  - Path : .\MovieRatingTester
INFO    2017-04-24 22:07:10,251 [main] com.roy.complications.AddRating  - Working on directory : .\MovieRatingTester
INFO    2017-04-24 22:07:55,334 [main] com.roy.fileSystemHandler.FileSystemHandler  - Path : .\MovieRatingTester
INFO    2017-04-24 22:07:55,334 [main] com.roy.complications.AddRating  - Working on directory : .\MovieRatingTester
INFO    2017-04-24 22:09:14,419 [main] com.roy.complications.AddRating  - Movie name : \Batman HD
INFO    2017-04-24 22:09:14,447 [main] com.roy.apiHandler.RESTClient  - Received URL : http://www.omdbapi.com/?t=%5CBatman+HD&r=json
INFO    2017-04-24 22:09:15,436 [main] com.roy.apiHandler.RESTClient  - JSON Ready : 
INFO    2017-04-24 22:09:42,851 [main] com.roy.fileSystemHandler.FileSystemHandler  - Path : .\MovieRatingTester
INFO    2017-04-24 22:09:42,851 [main] com.roy.complications.AddRating  - Working on directory : .\MovieRatingTester
INFO    2017-04-24 22:09:42,949 [main] com.roy.complications.AddRating  - Movie name : \batman 
INFO    2017-04-24 22:09:42,951 [main] com.roy.apiHandler.RESTClient  - Received URL : http://www.omdbapi.com/?t=%5Cbatman+&r=json
INFO    2017-04-24 22:09:55,432 [main] org.apache.http.impl.execchain.RetryExec  - I/O exception (java.net.SocketException) caught when processing request to {}->http://www.omdbapi.com:80: Connection reset
INFO    2017-04-24 22:09:55,445 [main] org.apache.http.impl.execchain.RetryExec  - Retrying request to {}->http://www.omdbapi.com:80
INFO    2017-04-24 22:10:06,556 [main] com.roy.fileSystemHandler.FileSystemHandler  - Path : .\MovieRatingTester
INFO    2017-04-24 22:10:06,556 [main] com.roy.complications.AddRating  - Working on directory : .\MovieRatingTester
INFO    2017-04-24 22:10:06,610 [main] com.roy.complications.AddRating  - Movie name : \batman 
INFO    2017-04-24 22:10:06,625 [main] com.roy.apiHandler.RESTClient  - Received URL : http://www.omdbapi.com/?t=%5Cbatman+&r=json
INFO    2017-04-24 22:10:45,728 [main] com.roy.fileSystemHandler.FileSystemHandler  - Path : .\MovieRatingTester
INFO    2017-04-24 22:10:45,728 [main] com.roy.complications.AddRating  - Working on directory : .\MovieRatingTester
INFO    2017-04-24 22:10:45,788 [main] com.roy.complications.AddRating  - Movie name : batman 
INFO    2017-04-24 22:10:45,804 [main] com.roy.apiHandler.RESTClient  - Received URL : http://www.omdbapi.com/?t=batman+&r=json
INFO    2017-04-24 22:10:47,812 [main] com.roy.apiHandler.RESTClient  - JSON Ready : {"Title":"Batman","Year":"1989","Rated":"PG-13","Released":"23 Jun 1989","Runtime":"126 min","Genre":"Action, Adventure","Director":"Tim Burton","Writer":"Bob Kane (Batman characters), Sam Hamm (story), Sam Hamm (screenplay), Warren Skaaren (screenplay)","Actors":"Michael Keaton, Jack Nicholson, Kim Basinger, Robert Wuhl","Plot":"The Dark Knight of Gotham City begins his war on crime with his first major enemy being the clownishly homicidal Joker.","Language":"English, French","Country":"USA, UK","Awards":"Won 1 Oscar. Another 9 wins & 22 nominations.","Poster":"https://images-na.ssl-images-amazon.com/images/M/MV5BMTYwNjAyODIyMF5BMl5BanBnXkFtZTYwNDMwMDk2._V1_SX300.jpg","Ratings":[{"Source":"Internet Movie Database","Value":"7.6/10"},{"Source":"Rotten Tomatoes","Value":"72%"},{"Source":"Metacritic","Value":"69/100"}],"Metascore":"69","imdbRating":"7.6","imdbVotes":"280,816","imdbID":"tt0096895","Type":"movie","DVD":"25 Mar 1997","BoxOffice":"N/A","Production":"Warner Bros. Pictures","Website":"N/A","Response":"True"}
INFO    2017-04-24 22:10:47,850 [main] com.roy.apiHandler.APIHandler  - Title : Batman
INFO    2017-04-24 22:10:47,850 [main] com.roy.apiHandler.APIHandler  - Year : 1989
INFO    2017-04-24 22:10:47,850 [main] com.roy.apiHandler.APIHandler  - Plot : The Dark Knight of Gotham City begins his war on crime with his first major enemy being the clownishly homicidal Joker.
INFO    2017-04-24 22:10:47,850 [main] com.roy.apiHandler.APIHandler  - Language : English, French
INFO    2017-04-24 22:10:47,850 [main] com.roy.apiHandler.APIHandler  - Ratings : 7.6/10
INFO    2017-04-24 22:10:47,850 [main] com.roy.complications.AddRating  - Movie name : don 2
INFO    2017-04-24 22:10:47,865 [main] com.roy.apiHandler.RESTClient  - Received URL : http://www.omdbapi.com/?t=don+2&r=json
INFO    2017-04-24 22:10:50,027 [main] com.roy.apiHandler.RESTClient  - JSON Ready : {"Title":"Don 2","Year":"2011","Rated":"NOT RATED","Released":"23 Dec 2011","Runtime":"148 min","Genre":"Action, Crime, Thriller","Director":"Farhan Akhtar","Writer":"Farhan Akhtar (dialogue), Farhan Akhtar (story), Javed Akhtar (characters), Salim Khan (characters), Ameet Mehta (screenplay), Ameet Mehta (story)","Actors":"Priyanka Chopra, Shah Rukh Khan, Hrithik Roshan, Om Puri","Plot":"An international gangster turns himself in, then dramatically escapes - only to face treachery and betrayal.","Language":"Hindi, English, German","Country":"India, Germany","Awards":"2 wins & 6 nominations.","Poster":"https://images-na.ssl-images-amazon.com/images/M/MV5BMTY5OTMxMDQ3Ml5BMl5BanBnXkFtZTcwMjAwNjIwNw@@._V1_SX300.jpg","Ratings":[{"Source":"Internet Movie Database","Value":"7.1/10"},{"Source":"Rotten Tomatoes","Value":"73%"},{"Source":"Metacritic","Value":"49/100"}],"Metascore":"49","imdbRating":"7.1","imdbVotes":"41,568","imdbID":"tt1285241","Type":"movie","DVD":"08 Jun 2012","BoxOffice":"$2,425,377.00","Production":"Reliance Big Pictures","Website":"http://don2thefilm.com/","Response":"True"}
INFO    2017-04-24 22:10:50,027 [main] com.roy.apiHandler.APIHandler  - Title : Don 2
INFO    2017-04-24 22:10:50,027 [main] com.roy.apiHandler.APIHandler  - Year : 2011
INFO    2017-04-24 22:10:50,027 [main] com.roy.apiHandler.APIHandler  - Plot : An international gangster turns himself in, then dramatically escapes - only to face treachery and betrayal.
INFO    2017-04-24 22:10:50,027 [main] com.roy.apiHandler.APIHandler  - Language : Hindi, English, German
INFO    2017-04-24 22:10:50,027 [main] com.roy.apiHandler.APIHandler  - Ratings : 7.1/10
INFO    2017-04-24 22:10:50,043 [main] com.roy.complications.AddRating  - Movie name : harry potter
INFO    2017-04-24 22:10:50,063 [main] com.roy.apiHandler.RESTClient  - Received URL : http://www.omdbapi.com/?t=harry+potter&r=json
INFO    2017-04-24 22:10:51,211 [main] com.roy.apiHandler.RESTClient  - JSON Ready : {"Title":"Harry Potter and the Deathly Hallows: Part 2","Year":"2011","Rated":"PG-13","Released":"15 Jul 2011","Runtime":"130 min","Genre":"Adventure, Drama, Fantasy","Director":"David Yates","Writer":"Steve Kloves (screenplay), J.K. Rowling (novel)","Actors":"Ralph Fiennes, Michael Gambon, Alan Rickman, Daniel Radcliffe","Plot":"Harry, Ron and Hermione search for Voldemort's remaining Horcruxes in their effort to destroy the Dark Lord as the final battle rages on at Hogwarts.","Language":"English","Country":"USA, UK","Awards":"Nominated for 3 Oscars. Another 45 wins & 90 nominations.","Poster":"https://images-na.ssl-images-amazon.com/images/M/MV5BMTY2MTk3MDQ1N15BMl5BanBnXkFtZTcwMzI4NzA2NQ@@._V1_SX300.jpg","Ratings":[{"Source":"Internet Movie Database","Value":"8.1/10"},{"Source":"Rotten Tomatoes","Value":"96%"},{"Source":"Metacritic","Value":"87/100"}],"Metascore":"87","imdbRating":"8.1","imdbVotes":"585,554","imdbID":"tt1201607","Type":"movie","DVD":"11 Nov 2011","BoxOffice":"$381,000,185.00","Production":"Warner Bros. Pictures","Website":"http://www.HarryPotter.com/","Response":"True"}
INFO    2017-04-24 22:10:51,241 [main] com.roy.apiHandler.APIHandler  - Title : Harry Potter and the Deathly Hallows: Part 2
INFO    2017-04-24 22:10:51,246 [main] com.roy.apiHandler.APIHandler  - Year : 2011
INFO    2017-04-24 22:10:51,247 [main] com.roy.apiHandler.APIHandler  - Plot : Harry, Ron and Hermione search for Voldemort's remaining Horcruxes in their effort to destroy the Dark Lord as the final battle rages on at Hogwarts.
INFO    2017-04-24 22:10:51,247 [main] com.roy.apiHandler.APIHandler  - Language : English
INFO    2017-04-24 22:10:51,248 [main] com.roy.apiHandler.APIHandler  - Ratings : 8.1/10
